2026-01-19 21:35:31.659  INFO 24148 --- [restartedMain] com.api.org.Application                  : Starting Application on DESKTOP-2QSF4ID with PID 24148 (E:\git_workspace\trackingSystem\target\classes started by Admin in E:\git_workspace\trackingSystem)
2026-01-19 21:35:31.675  INFO 24148 --- [restartedMain] com.api.org.Application                  : No active profile set, falling back to default profiles: default
2026-01-19 21:35:31.811  INFO 24148 --- [restartedMain] .e.DevToolsPropertyDefaultsPostProcessor : Devtools property defaults active! Set 'spring.devtools.add-properties' to 'false' to disable
2026-01-19 21:35:31.812  INFO 24148 --- [restartedMain] .e.DevToolsPropertyDefaultsPostProcessor : For additional web related logging consider setting the 'logging.level.web' property to 'DEBUG'
2026-01-19 21:35:33.321  INFO 24148 --- [restartedMain] .s.d.r.c.RepositoryConfigurationDelegate : Bootstrapping Spring Data JPA repositories in DEFERRED mode.
2026-01-19 21:35:33.511  INFO 24148 --- [restartedMain] .s.d.r.c.RepositoryConfigurationDelegate : Finished Spring Data repository scanning in 164ms. Found 11 JPA repository interfaces.
2026-01-19 21:35:34.034  INFO 24148 --- [restartedMain] ptablePropertiesBeanFactoryPostProcessor : Post-processing PropertySource instances
2026-01-19 21:35:34.137  INFO 24148 --- [restartedMain] c.u.j.EncryptablePropertySourceConverter : Converting PropertySource configurationProperties [org.springframework.boot.context.properties.source.ConfigurationPropertySourcesPropertySource] to AOP Proxy
2026-01-19 21:35:34.137  INFO 24148 --- [restartedMain] c.u.j.EncryptablePropertySourceConverter : Converting PropertySource servletConfigInitParams [org.springframework.core.env.PropertySource$StubPropertySource] to EncryptablePropertySourceWrapper
2026-01-19 21:35:34.138  INFO 24148 --- [restartedMain] c.u.j.EncryptablePropertySourceConverter : Converting PropertySource servletContextInitParams [org.springframework.core.env.PropertySource$StubPropertySource] to EncryptablePropertySourceWrapper
2026-01-19 21:35:34.138  INFO 24148 --- [restartedMain] c.u.j.EncryptablePropertySourceConverter : Converting PropertySource systemProperties [org.springframework.core.env.PropertiesPropertySource] to EncryptableMapPropertySourceWrapper
2026-01-19 21:35:34.139  INFO 24148 --- [restartedMain] c.u.j.EncryptablePropertySourceConverter : Converting PropertySource systemEnvironment [org.springframework.boot.env.SystemEnvironmentPropertySourceEnvironmentPostProcessor$OriginAwareSystemEnvironmentPropertySource] to EncryptableSystemEnvironmentPropertySourceWrapper
2026-01-19 21:35:34.139  INFO 24148 --- [restartedMain] c.u.j.EncryptablePropertySourceConverter : Converting PropertySource random [org.springframework.boot.env.RandomValuePropertySource] to EncryptablePropertySourceWrapper
2026-01-19 21:35:34.140  INFO 24148 --- [restartedMain] c.u.j.EncryptablePropertySourceConverter : Converting PropertySource applicationConfig: [classpath:/application.properties] [org.springframework.boot.env.OriginTrackedMapPropertySource] to EncryptableMapPropertySourceWrapper
2026-01-19 21:35:34.140  INFO 24148 --- [restartedMain] c.u.j.EncryptablePropertySourceConverter : Converting PropertySource devtools [org.springframework.core.env.MapPropertySource] to EncryptableMapPropertySourceWrapper
2026-01-19 21:35:34.140  INFO 24148 --- [restartedMain] c.u.j.EncryptablePropertySourceConverter : Converting PropertySource class path resource [springdoc.swagger-ui.config] [org.springframework.core.io.support.ResourcePropertySource] to EncryptableMapPropertySourceWrapper
2026-01-19 21:35:34.265  INFO 24148 --- [restartedMain] c.u.j.filter.DefaultLazyPropertyFilter   : Property Filter custom Bean not found with name 'encryptablePropertyFilter'. Initializing Default Property Filter
2026-01-19 21:35:34.351  INFO 24148 --- [restartedMain] trationDelegate$BeanPostProcessorChecker : Bean 'org.springframework.security.access.expression.method.DefaultMethodSecurityExpressionHandler@1908d35d' of type [org.springframework.security.access.expression.method.DefaultMethodSecurityExpressionHandler] is not eligible for getting processed by all BeanPostProcessors (for example: not eligible for auto-proxying)
2026-01-19 21:35:34.370  INFO 24148 --- [restartedMain] trationDelegate$BeanPostProcessorChecker : Bean 'methodSecurityMetadataSource' of type [org.springframework.security.access.method.DelegatingMethodSecurityMetadataSource] is not eligible for getting processed by all BeanPostProcessors (for example: not eligible for auto-proxying)
2026-01-19 21:35:34.492  INFO 24148 --- [restartedMain] c.u.j.r.DefaultLazyPropertyResolver      : Property Resolver custom Bean not found with name 'encryptablePropertyResolver'. Initializing Default Property Resolver
2026-01-19 21:35:34.506  INFO 24148 --- [restartedMain] c.u.j.d.DefaultLazyPropertyDetector      : Property Detector custom Bean not found with name 'encryptablePropertyDetector'. Initializing Default Property Detector
2026-01-19 21:35:35.670  INFO 24148 --- [restartedMain] o.s.b.w.embedded.tomcat.TomcatWebServer  : Tomcat initialized with port(s): 1010 (http)
2026-01-19 21:35:35.689  INFO 24148 --- [restartedMain] o.apache.catalina.core.StandardService   : Starting service [Tomcat]
2026-01-19 21:35:35.691  INFO 24148 --- [restartedMain] org.apache.catalina.core.StandardEngine  : Starting Servlet engine: [Apache Tomcat/9.0.35]
2026-01-19 21:35:35.913  INFO 24148 --- [restartedMain] o.a.c.c.C.[.[.[/trackingSystem]          : Initializing Spring embedded WebApplicationContext
2026-01-19 21:35:35.913  INFO 24148 --- [restartedMain] o.s.web.context.ContextLoader            : Root WebApplicationContext: initialization completed in 4100 ms
2026-01-19 21:35:36.169  WARN 24148 --- [restartedMain] JpaBaseConfiguration$JpaWebConfiguration : spring.jpa.open-in-view is enabled by default. Therefore, database queries may be performed during view rendering. Explicitly configure spring.jpa.open-in-view to disable this warning
2026-01-19 21:35:36.504  INFO 24148 --- [restartedMain] o.s.s.concurrent.ThreadPoolTaskExecutor  : Initializing ExecutorService 'applicationTaskExecutor'
2026-01-19 21:35:36.593  INFO 24148 --- [task-1] o.hibernate.jpa.internal.util.LogHelper  : HHH000204: Processing PersistenceUnitInfo [name: default]
2026-01-19 21:35:36.736  INFO 24148 --- [task-1] org.hibernate.Version                    : HHH000412: Hibernate ORM core version 5.4.15.Final
2026-01-19 21:35:37.076  INFO 24148 --- [task-1] o.hibernate.annotations.common.Version   : HCANN000001: Hibernate Commons Annotations {5.1.0.Final}
2026-01-19 21:35:37.287  INFO 24148 --- [task-1] com.zaxxer.hikari.HikariDataSource       : HikariPool-1 - Starting...
2026-01-19 21:35:39.853  INFO 24148 --- [task-1] com.zaxxer.hikari.HikariDataSource       : HikariPool-1 - Start completed.
2026-01-19 21:35:39.915  INFO 24148 --- [task-1] org.hibernate.dialect.Dialect            : HHH000400: Using dialect: org.hibernate.dialect.MySQL5Dialect
2026-01-19 21:35:41.186  INFO 24148 --- [task-1] j.LocalContainerEntityManagerFactoryBean : Initialized JPA EntityManagerFactory for persistence unit 'default'
2026-01-19 21:35:43.197  INFO 24148 --- [restartedMain] o.s.s.web.DefaultSecurityFilterChain     : Creating filter chain: any request, [org.springframework.security.web.context.request.async.WebAsyncManagerIntegrationFilter@51979852, org.springframework.security.web.context.SecurityContextPersistenceFilter@35e107d4, org.springframework.security.web.header.HeaderWriterFilter@2e621c03, org.springframework.web.filter.CorsFilter@5cc49ba7, org.springframework.security.web.authentication.logout.LogoutFilter@2cf7d64a, com.api.org.security.JwtAuthenticationFilter@51b7b817, org.springframework.security.web.authentication.www.BasicAuthenticationFilter@6bc77983, org.springframework.security.web.savedrequest.RequestCacheAwareFilter@758de40a, org.springframework.security.web.servletapi.SecurityContextHolderAwareRequestFilter@661eb976, org.springframework.security.web.authentication.AnonymousAuthenticationFilter@5a0b97ff, org.springframework.security.web.session.SessionManagementFilter@11bf3db3, org.springframework.security.web.access.ExceptionTranslationFilter@1c75ab0, org.springframework.security.web.access.intercept.FilterSecurityInterceptor@1c872dc5]
2026-01-19 21:35:43.993  INFO 24148 --- [restartedMain] o.s.b.d.a.OptionalLiveReloadServer       : LiveReload server is running on port 35729
2026-01-19 21:35:44.068  INFO 24148 --- [restartedMain] o.s.b.w.embedded.tomcat.TomcatWebServer  : Tomcat started on port(s): 1010 (http) with context path '/trackingSystem'
2026-01-19 21:35:44.073  INFO 24148 --- [restartedMain] DeferredRepositoryInitializationListener : Triggering deferred initialization of Spring Data repositories…
2026-01-19 21:35:44.695  INFO 24148 --- [restartedMain] DeferredRepositoryInitializationListener : Spring Data repositories initialized!
2026-01-19 21:35:44.709  INFO 24148 --- [restartedMain] com.api.org.Application                  : Started Application in 13.788 seconds (JVM running for 14.692)
